<?xml version="1.0" encoding="UTF-8"?>
<!-- Generated by org.testng.reporters.JUnitReportReporter -->
<testsuite hostname="DESKTOP-C98NHF2" failures="0" tests="4" name="ui.Testng4" time="0.008" errors="0" timestamp="2023-12-31T23:56:52 IST" skipped="0">
  <testcase classname="ui.Testng4" name="test4" time="0.003"/>
  <testcase classname="ui.Testng4" name="test1" time="0.002"/>
  <testcase classname="ui.Testng4" name="test3" time="0.001"/>
  <testcase classname="ui.Testng4" name="test2" time="0.002"/>
</testsuite> <!-- ui.Testng4 -->
