<?xml version="1.0" encoding="UTF-8"?>
<!-- Generated by org.testng.reporters.JUnitReportReporter -->
<testsuite hostname="DESKTOP-C98NHF2" failures="0" tests="2" name="ui.Testng2" time="0.007" errors="0" timestamp="2023-12-31T23:56:52 IST" skipped="0">
  <testcase classname="ui.Testng2" name="blogintest" time="0.004"/>
  <testcase classname="ui.Testng2" name="alogintest" time="0.003"/>
</testsuite> <!-- ui.Testng2 -->
