<?xml version="1.0" encoding="UTF-8"?>
<!-- Generated by org.testng.reporters.JUnitReportReporter -->
<testsuite hostname="DESKTOP-C98NHF2" failures="0" tests="1" name="ui.Testng3" time="13.688" errors="0" timestamp="2023-12-31T23:56:52 IST" skipped="0">
  <testcase classname="ui.Testng3" name="textverify" time="13.688"/>
</testsuite> <!-- ui.Testng3 -->
