<?xml version="1.0" encoding="UTF-8"?>
<!-- Generated by org.testng.reporters.JUnitReportReporter -->
<testsuite hostname="DESKTOP-C98NHF2" failures="0" tests="2" name="ui.Testng1" time="0.008" errors="0" timestamp="2023-12-31T13:29:31 IST" skipped="0">
  <testcase classname="ui.Testng1" name="bLogin" time="0.007"/>
  <testcase classname="ui.Testng1" name="aLogoff" time="0.001"/>
</testsuite> <!-- ui.Testng1 -->
