<?xml version="1.0" encoding="UTF-8"?>
<!-- Generated by org.testng.reporters.JUnitReportReporter -->
<testsuite hostname="DESKTOP-C98NHF2" failures="0" tests="3" name="ui.Testng5" time="0.007" errors="0" timestamp="2023-12-31T23:56:52 IST" skipped="1">
  <testcase classname="ui.Testng5" name="skiptest3" time="0.004"/>
  <testcase classname="ui.Testng5" name="skiptest1" time="0.001"/>
  <testcase classname="ui.Testng5" name="skiptest2" time="0.002">
    <skipped/>
  </testcase> <!-- skiptest2 -->
</testsuite> <!-- ui.Testng5 -->
